build/app/intermediates/manifest_merge_blame_file/debug/manifest-merger-blame-debug-report.txt
1<?xml version="1.0" encoding="utf-8"?>
2<manifest xmlns:android="http://schemas.android.com/apk/res/android"
3    package="com.we3.nuniyoekyc"
4    android:versionCode="1"
5    android:versionName="1.0.0" >
6
7    <uses-sdk
8        android:minSdkVersion="21"
9        android:targetSdkVersion="30" />
10    <!--
11         Flutter needs it to communicate with the running application
12         to allow setting breakpoints, to provide hot reload, etc.
13    -->
14    <uses-permission android:name="android.permission.INTERNET" />
14-->src\main\AndroidManifest.xml:5:5-67
14-->src\main\AndroidManifest.xml:5:22-64
15    <uses-permission android:name="android.permission.READ_EXTERNAL_STORAGE" />
15-->src\main\AndroidManifest.xml:4:5-79
15-->src\main\AndroidManifest.xml:4:22-77
16    <uses-permission android:name="android.permission.ACCESS_FINE_LOCATION" />
16-->src\main\AndroidManifest.xml:6:5-79
16-->src\main\AndroidManifest.xml:6:22-76
17    <uses-permission android:name="android.permission.ACCESS_COARSE_LOCATION" />
17-->src\main\AndroidManifest.xml:7:5-81
17-->src\main\AndroidManifest.xml:7:22-78
18
19    <queries>
19-->[:file_picker] AndroidManifest.xml:9:5-15:15
20        <intent>
20-->[:file_picker] AndroidManifest.xml:10:9-14:18
21            <action android:name="android.intent.action.GET_CONTENT" />
21-->[:file_picker] AndroidManifest.xml:11:13-72
21-->[:file_picker] AndroidManifest.xml:11:21-69
22
23            <data android:mimeType="*/*" />
23-->[:file_picker] AndroidManifest.xml:13:13-44
23-->[:file_picker] AndroidManifest.xml:13:19-41
24        </intent>
25        <intent>
25-->[:digio_esign_sdk] AndroidManifest.xml:11:9-15:18
26            <action android:name="android.intent.action.VIEW" />
26-->[:digio_esign_sdk] AndroidManifest.xml:12:13-65
26-->[:digio_esign_sdk] AndroidManifest.xml:12:21-62
27
28            <data android:scheme="https" />
28-->[:file_picker] AndroidManifest.xml:13:13-44
29        </intent>
30    </queries>
31
32    <uses-permission android:name="android.permission.USE_FINGERPRINT" />
32-->[:local_auth] AndroidManifest.xml:9:5-74
32-->[:local_auth] AndroidManifest.xml:9:22-71
33    <uses-permission android:name="android.permission.CAMERA" />
33-->[:camera] AndroidManifest.xml:7:5-65
33-->[:camera] AndroidManifest.xml:7:22-62
34    <uses-permission android:name="android.permission.RECORD_AUDIO" />
34-->[:camera] AndroidManifest.xml:8:5-71
34-->[:camera] AndroidManifest.xml:8:22-68
35    <uses-permission android:name="android.permission.READ_PHONE_STATE" />
35-->[:sim_info] AndroidManifest.xml:7:5-75
35-->[:sim_info] AndroidManifest.xml:7:22-72
36    <uses-permission android:name="android.permission.USE_BIOMETRIC" />
36-->[androidx.biometric:biometric:1.1.0] AndroidManifest.xml:24:5-72
36-->[androidx.biometric:biometric:1.1.0] AndroidManifest.xml:24:22-69
37    <uses-permission android:name="android.permission.ACCESS_NETWORK_STATE" />
37-->[com.google.android.exoplayer:exoplayer-core:2.14.1] AndroidManifest.xml:24:5-79
37-->[com.google.android.exoplayer:exoplayer-core:2.14.1] AndroidManifest.xml:24:22-76
38
39    <application
39-->src\main\AndroidManifest.xml:9:4-57:19
40        android:appComponentFactory="androidx.core.app.CoreComponentFactory"
40-->[androidx.core:core:1.5.0] AndroidManifest.xml:24:18-86
41        android:debuggable="true"
42        android:icon="@mipmap/ic_launcher"
42-->src\main\AndroidManifest.xml:11:9-43
43        android:label="nuniyoekyc" >
43-->src\main\AndroidManifest.xml:10:9-35
44        <activity
44-->src\main\AndroidManifest.xml:12:9-40:20
45            android:name="com.we3.nuniyoekyc.MainActivity"
45-->src\main\AndroidManifest.xml:13:13-41
46            android:configChanges="orientation|keyboardHidden|keyboard|screenSize|smallestScreenSize|locale|layoutDirection|fontScale|screenLayout|density|uiMode"
46-->src\main\AndroidManifest.xml:16:13-163
47            android:hardwareAccelerated="true"
47-->src\main\AndroidManifest.xml:17:13-47
48            android:launchMode="singleTop"
48-->src\main\AndroidManifest.xml:14:13-43
49            android:theme="@style/LaunchTheme"
49-->src\main\AndroidManifest.xml:15:13-47
50            android:windowSoftInputMode="adjustResize" >
50-->src\main\AndroidManifest.xml:18:13-55
51
52            <!--
53                 Specifies an Android theme to apply to this Activity as soon as
54                 the Android process has started. This theme is visible to the user
55                 while the Flutter UI initializes. After that, this theme continues
56                 to determine the Window background behind the Flutter UI.
57            -->
58            <meta-data
58-->src\main\AndroidManifest.xml:23:13-26:17
59                android:name="io.flutter.embedding.android.NormalTheme"
59-->src\main\AndroidManifest.xml:24:15-70
60                android:resource="@style/NormalTheme" />
60-->src\main\AndroidManifest.xml:25:15-52
61            <!--
62                 Displays an Android View that continues showing the launch screen
63                 Drawable until Flutter paints its first frame, then this splash
64                 screen fades out. A splash screen is useful to avoid any visual
65                 gap between the end of Android's launch screen and the painting of
66                 Flutter's first frame.
67            -->
68            <meta-data
68-->src\main\AndroidManifest.xml:32:13-35:17
69                android:name="io.flutter.embedding.android.SplashScreenDrawable"
69-->src\main\AndroidManifest.xml:33:15-79
70                android:resource="@drawable/launch_background" />
70-->src\main\AndroidManifest.xml:34:15-61
71
72            <intent-filter>
72-->src\main\AndroidManifest.xml:36:13-39:29
73                <action android:name="android.intent.action.MAIN" />
73-->src\main\AndroidManifest.xml:37:17-68
73-->src\main\AndroidManifest.xml:37:25-66
74
75                <category android:name="android.intent.category.LAUNCHER" />
75-->src\main\AndroidManifest.xml:38:17-76
75-->src\main\AndroidManifest.xml:38:27-74
76            </intent-filter>
77        </activity>
78        <activity
78-->src\main\AndroidManifest.xml:41:8-45:19
79            android:name="com.we3.nuniyoekyc.DigioActivity"
79-->src\main\AndroidManifest.xml:42:12-41
80            android:screenOrientation="portrait"
80-->src\main\AndroidManifest.xml:44:12-48
81            android:theme="@style/Theme.AppCompat.Light.NoActionBar" >
81-->src\main\AndroidManifest.xml:43:12-68
82        </activity>
83        <activity
83-->src\main\AndroidManifest.xml:46:8-47:94
84            android:name="com.digio.in.esign2sdk.DigioEsignActivity"
84-->src\main\AndroidManifest.xml:46:18-74
85            android:configChanges="keyboard|keyboardHidden|orientation|screenSize" />
85-->src\main\AndroidManifest.xml:47:12-82
86        <activity
86-->src\main\AndroidManifest.xml:48:8-51:70
87            android:name="com.yalantis.ucrop.UCropActivity"
87-->src\main\AndroidManifest.xml:49:12-59
88            android:screenOrientation="portrait"
88-->src\main\AndroidManifest.xml:50:12-48
89            android:theme="@style/Theme.AppCompat.Light.NoActionBar" />
89-->src\main\AndroidManifest.xml:51:12-68
90        <!--
91             Don't delete the meta-data below.
92             This is used by the Flutter tool to generate GeneratedPluginRegistrant.java
93        -->
94        <meta-data
94-->src\main\AndroidManifest.xml:54:9-56:33
95            android:name="flutterEmbedding"
95-->src\main\AndroidManifest.xml:55:13-44
96            android:value="2" />
96-->src\main\AndroidManifest.xml:56:13-30
97
98        <provider
98-->[:image_picker] AndroidManifest.xml:8:9-16:20
99            android:name="io.flutter.plugins.imagepicker.ImagePickerFileProvider"
99-->[:image_picker] AndroidManifest.xml:9:13-82
100            android:authorities="com.we3.nuniyoekyc.flutter.image_provider"
100-->[:image_picker] AndroidManifest.xml:10:13-74
101            android:exported="false"
101-->[:image_picker] AndroidManifest.xml:11:13-37
102            android:grantUriPermissions="true" >
102-->[:image_picker] AndroidManifest.xml:12:13-47
103            <meta-data
103-->[:image_picker] AndroidManifest.xml:13:13-15:75
104                android:name="android.support.FILE_PROVIDER_PATHS"
104-->[:image_picker] AndroidManifest.xml:14:17-67
105                android:resource="@xml/flutter_image_picker_file_paths" />
105-->[:image_picker] AndroidManifest.xml:15:17-72
106        </provider>
107
108        <activity
108-->[:url_launcher] AndroidManifest.xml:8:9-11:74
109            android:name="io.flutter.plugins.urllauncher.WebViewActivity"
109-->[:url_launcher] AndroidManifest.xml:9:13-74
110            android:exported="false"
110-->[:url_launcher] AndroidManifest.xml:10:13-37
111            android:theme="@android:style/Theme.NoTitleBar.Fullscreen" />
111-->[:url_launcher] AndroidManifest.xml:11:13-71
112        <activity
112-->[:razorpay_flutter] AndroidManifest.xml:8:9-11:20
113            android:name="com.razorpay.CheckoutActivity"
113-->[:razorpay_flutter] AndroidManifest.xml:9:13-57
114            android:configChanges="keyboard|keyboardHidden|orientation|screenSize"
114-->[com.razorpay:checkout:1.6.10] AndroidManifest.xml:20:13-83
115            android:label="Razorpay Checkout"
115-->[:razorpay_flutter] AndroidManifest.xml:10:13-46
116            android:theme="@style/CheckoutTheme" >
116-->[com.razorpay:checkout:1.6.10] AndroidManifest.xml:21:13-49
117            <intent-filter>
117-->[com.razorpay:checkout:1.6.10] AndroidManifest.xml:22:13-28:29
118                <action android:name="android.intent.action.MAIN" />
118-->src\main\AndroidManifest.xml:37:17-68
118-->src\main\AndroidManifest.xml:37:25-66
119
120                <data
120-->[:file_picker] AndroidManifest.xml:13:13-44
121                    android:host="rzp.io"
122                    android:scheme="io.rzp" />
123            </intent-filter>
124        </activity>
125
126        <service
126-->[com.google.android.gms:play-services-mlkit-face-detection:16.1.7] AndroidManifest.xml:9:9-15:19
127            android:name="com.google.mlkit.common.internal.MlKitComponentDiscoveryService"
127-->[com.google.android.gms:play-services-mlkit-face-detection:16.1.7] AndroidManifest.xml:10:13-91
128            android:directBootAware="true"
128-->[com.google.mlkit:common:17.1.1] AndroidManifest.xml:17:13-43
129            android:exported="false" >
129-->[com.google.android.gms:play-services-mlkit-face-detection:16.1.7] AndroidManifest.xml:11:13-37
130            <meta-data
130-->[com.google.android.gms:play-services-mlkit-face-detection:16.1.7] AndroidManifest.xml:12:13-14:85
131                android:name="com.google.firebase.components:com.google.mlkit.vision.face.internal.FaceRegistrar"
131-->[com.google.android.gms:play-services-mlkit-face-detection:16.1.7] AndroidManifest.xml:13:17-114
132                android:value="com.google.firebase.components.ComponentRegistrar" />
132-->[com.google.android.gms:play-services-mlkit-face-detection:16.1.7] AndroidManifest.xml:14:17-82
133            <meta-data
133-->[com.google.mlkit:vision-common:16.3.0] AndroidManifest.xml:12:13-14:85
134                android:name="com.google.firebase.components:com.google.mlkit.vision.common.internal.VisionCommonRegistrar"
134-->[com.google.mlkit:vision-common:16.3.0] AndroidManifest.xml:13:17-124
135                android:value="com.google.firebase.components.ComponentRegistrar" />
135-->[com.google.mlkit:vision-common:16.3.0] AndroidManifest.xml:14:17-82
136            <meta-data
136-->[com.google.mlkit:common:17.1.1] AndroidManifest.xml:20:13-22:85
137                android:name="com.google.firebase.components:com.google.mlkit.common.internal.CommonComponentRegistrar"
137-->[com.google.mlkit:common:17.1.1] AndroidManifest.xml:21:17-120
138                android:value="com.google.firebase.components.ComponentRegistrar" />
138-->[com.google.mlkit:common:17.1.1] AndroidManifest.xml:22:17-82
139        </service>
140
141        <provider
141-->[com.google.mlkit:common:17.1.1] AndroidManifest.xml:9:9-13:38
142            android:name="com.google.mlkit.common.internal.MlKitInitProvider"
142-->[com.google.mlkit:common:17.1.1] AndroidManifest.xml:10:13-78
143            android:authorities="com.we3.nuniyoekyc.mlkitinitprovider"
143-->[com.google.mlkit:common:17.1.1] AndroidManifest.xml:11:13-69
144            android:exported="false"
144-->[com.google.mlkit:common:17.1.1] AndroidManifest.xml:12:13-37
145            android:initOrder="99" />
145-->[com.google.mlkit:common:17.1.1] AndroidManifest.xml:13:13-35
146
147        <service
147-->[com.google.android.datatransport:transport-backend-cct:2.3.3] AndroidManifest.xml:29:9-35:19
148            android:name="com.google.android.datatransport.runtime.backends.TransportBackendDiscovery"
148-->[com.google.android.datatransport:transport-backend-cct:2.3.3] AndroidManifest.xml:30:13-103
149            android:exported="false" >
149-->[com.google.android.datatransport:transport-backend-cct:2.3.3] AndroidManifest.xml:31:13-37
150            <meta-data
150-->[com.google.android.datatransport:transport-backend-cct:2.3.3] AndroidManifest.xml:32:13-34:39
151                android:name="backend:com.google.android.datatransport.cct.CctBackendFactory"
151-->[com.google.android.datatransport:transport-backend-cct:2.3.3] AndroidManifest.xml:33:17-94
152                android:value="cct" />
152-->[com.google.android.datatransport:transport-backend-cct:2.3.3] AndroidManifest.xml:34:17-36
153        </service>
154        <service
154-->[com.google.android.datatransport:transport-runtime:2.2.6] AndroidManifest.xml:26:9-30:19
155            android:name="com.google.android.datatransport.runtime.scheduling.jobscheduling.JobInfoSchedulerService"
155-->[com.google.android.datatransport:transport-runtime:2.2.6] AndroidManifest.xml:27:13-117
156            android:exported="false"
156-->[com.google.android.datatransport:transport-runtime:2.2.6] AndroidManifest.xml:28:13-37
157            android:permission="android.permission.BIND_JOB_SERVICE" >
157-->[com.google.android.datatransport:transport-runtime:2.2.6] AndroidManifest.xml:29:13-69
158        </service>
159
160        <receiver
160-->[com.google.android.datatransport:transport-runtime:2.2.6] AndroidManifest.xml:32:9-34:40
161            android:name="com.google.android.datatransport.runtime.scheduling.jobscheduling.AlarmManagerSchedulerBroadcastReceiver"
161-->[com.google.android.datatransport:transport-runtime:2.2.6] AndroidManifest.xml:33:13-132
162            android:exported="false" />
162-->[com.google.android.datatransport:transport-runtime:2.2.6] AndroidManifest.xml:34:13-37
163        <receiver android:name="com.razorpay.RzpTokenReceiver" >
163-->[com.razorpay:checkout:1.6.10] AndroidManifest.xml:12:9-16:20
163-->[com.razorpay:checkout:1.6.10] AndroidManifest.xml:12:19-63
164            <intent-filter>
164-->[com.razorpay:checkout:1.6.10] AndroidManifest.xml:13:13-15:29
165                <action android:name="rzp.device_token.share" />
165-->[com.razorpay:checkout:1.6.10] AndroidManifest.xml:14:17-65
165-->[com.razorpay:checkout:1.6.10] AndroidManifest.xml:14:25-62
166            </intent-filter>
167        </receiver>
168
169        <activity
169-->[com.google.android.gms:play-services-auth:17.0.0] AndroidManifest.xml:23:9-27:75
170            android:name="com.google.android.gms.auth.api.signin.internal.SignInHubActivity"
170-->[com.google.android.gms:play-services-auth:17.0.0] AndroidManifest.xml:24:13-93
171            android:excludeFromRecents="true"
171-->[com.google.android.gms:play-services-auth:17.0.0] AndroidManifest.xml:25:13-46
172            android:exported="false"
172-->[com.google.android.gms:play-services-auth:17.0.0] AndroidManifest.xml:26:13-37
173            android:theme="@android:style/Theme.Translucent.NoTitleBar" />
173-->[com.google.android.gms:play-services-auth:17.0.0] AndroidManifest.xml:27:13-72
174        <!--
175            Service handling Google Sign-In user revocation. For apps that do not integrate with
176            Google Sign-In, this service will never be started.
177        -->
178        <service
178-->[com.google.android.gms:play-services-auth:17.0.0] AndroidManifest.xml:33:9-36:110
179            android:name="com.google.android.gms.auth.api.signin.RevocationBoundService"
179-->[com.google.android.gms:play-services-auth:17.0.0] AndroidManifest.xml:34:13-89
180            android:exported="true"
180-->[com.google.android.gms:play-services-auth:17.0.0] AndroidManifest.xml:35:13-36
181            android:permission="com.google.android.gms.auth.api.signin.permission.REVOCATION_NOTIFICATION" />
181-->[com.google.android.gms:play-services-auth:17.0.0] AndroidManifest.xml:36:13-107
182
183        <activity
183-->[com.google.android.gms:play-services-base:17.6.0] AndroidManifest.xml:23:9-26:75
184            android:name="com.google.android.gms.common.api.GoogleApiActivity"
184-->[com.google.android.gms:play-services-base:17.6.0] AndroidManifest.xml:24:13-79
185            android:exported="false"
185-->[com.google.android.gms:play-services-base:17.6.0] AndroidManifest.xml:25:13-37
186            android:theme="@android:style/Theme.Translucent.NoTitleBar" />
186-->[com.google.android.gms:play-services-base:17.6.0] AndroidManifest.xml:26:13-72
187
188        <meta-data
188-->[com.google.android.gms:play-services-basement:17.6.0] AndroidManifest.xml:23:9-25:69
189            android:name="com.google.android.gms.version"
189-->[com.google.android.gms:play-services-basement:17.6.0] AndroidManifest.xml:24:13-58
190            android:value="@integer/google_play_services_version" />
190-->[com.google.android.gms:play-services-basement:17.6.0] AndroidManifest.xml:25:13-66
191    </application>
192
193</manifest>